[debug] [2021-10-21T16:12:13.480Z] ----------------------------------------------------------------------
[debug] [2021-10-21T16:12:13.483Z] Command:       /usr/bin/node /usr/local/bin/firebase init
[debug] [2021-10-21T16:12:13.484Z] CLI Version:   9.20.0
[debug] [2021-10-21T16:12:13.484Z] Platform:      linux
[debug] [2021-10-21T16:12:13.484Z] Node Version:  v10.19.0
[debug] [2021-10-21T16:12:13.484Z] Time:          Thu Oct 21 2021 09:12:13 GMT-0700 (Pacific Daylight Time)
[debug] [2021-10-21T16:12:13.484Z] ----------------------------------------------------------------------
[debug] 
[debug] [2021-10-21T16:12:13.492Z] > command requires scopes: ["email","openid","https://www.googleapis.com/auth/cloudplatformprojects.readonly","https://www.googleapis.com/auth/firebase","https://www.googleapis.com/auth/cloud-platform"]
[debug] [2021-10-21T16:12:13.492Z] > authorizing via signed-in user (riverstar1992@gmail.com)
[info] 
     ######## #### ########  ######## ########     ###     ######  ########
     ##        ##  ##     ## ##       ##     ##  ##   ##  ##       ##
     ######    ##  ########  ######   ########  #########  ######  ######
     ##        ##  ##    ##  ##       ##     ## ##     ##       ## ##
     ##       #### ##     ## ######## ########  ##     ##  ######  ########

You're about to initialize a Firebase project in this directory:

  /home/ubuntu/Downloads/1_AuctionNFT

[info] 
=== Project Setup
[info] 
[info] First, let's associate this project directory with a Firebase project.
[info] You can create multiple project aliases by running firebase use --add, 
[info] but for now we'll just set up a default project.
[info] 
[debug] [2021-10-21T16:12:29.590Z] >>> [apiv2][query] GET https://firebase.googleapis.com/v1beta1/projects pageSize=100
[debug] [2021-10-21T16:12:33.172Z] <<< [apiv2][status] GET https://firebase.googleapis.com/v1beta1/projects 200
[debug] [2021-10-21T16:12:33.173Z] <<< [apiv2][body] GET https://firebase.googleapis.com/v1beta1/projects [omitted]
[info] i  Using project nftauctionmint (NFTAuctionMint) 
[info] 
=== Hosting:github Setup
[info] 
[info] i  Didn't detect a .git folder. Assuming /home/ubuntu/Downloads/1_AuctionNFT is the project root. 
[info] i  Authorizing with GitHub to upload your service account to a GitHub repository's secrets store. 
[info] 
[info] Visit this URL on this device to log in:
[info] https://github.com/login/oauth/authorize?client_id=89cf50f02ac6aaed3484&state=465830101&redirect_uri=http%3A%2F%2Flocalhost%3A9005&scope=read%3Auser%20repo%20public_repo
[info] 
[info] Waiting for authentication...
[debug] [2021-10-21T16:12:44.616Z] >>> HTTP REQUEST POST https://github.com/login/oauth/access_token  
 {"client_id":"89cf50f02ac6aaed3484","client_secret":"3330d14abc895d9a74d5f17cd7a00711fa2c5bf0","code":"5cd4fca7edad8a5a9db3","redirect_uri":"http://localhost:9005","state":"465830101"}
[debug] [2021-10-21T16:12:49.898Z] <<< HTTP RESPONSE 200 {"server":"GitHub.com","date":"Thu, 21 Oct 2021 16:12:47 GMT","content-type":"application/json; charset=utf-8","transfer-encoding":"chunked","vary":"X-PJAX, X-PJAX-Container, Accept-Encoding, Accept, X-Requested-With","permissions-policy":"interest-cohort=()","etag":"W/\"ddfa12532cebc5c504784cde3e812bbe\"","cache-control":"max-age=0, private, must-revalidate","strict-transport-security":"max-age=31536000; includeSubdomains; preload","x-frame-options":"deny","x-content-type-options":"nosniff","x-xss-protection":"0","referrer-policy":"origin-when-cross-origin, strict-origin-when-cross-origin","expect-ct":"max-age=2592000, report-uri=\"https://api.github.com/_private/browser/errors\"","content-security-policy":"default-src 'none'; base-uri 'self'; block-all-mixed-content; child-src github.com/assets-cdn/worker/ gist.github.com/assets-cdn/worker/; connect-src 'self' uploads.github.com objects-origin.githubusercontent.com www.githubstatus.com collector.githubapp.com api.github.com github-cloud.s3.amazonaws.com github-production-repository-file-5c1aeb.s3.amazonaws.com github-production-upload-manifest-file-7fdce7.s3.amazonaws.com github-production-user-asset-6210df.s3.amazonaws.com cdn.optimizely.com logx.optimizely.com/v1/events translator.github.com wss://alive.github.com; font-src github.githubassets.com; form-action 'self' github.com gist.github.com objects-origin.githubusercontent.com; frame-ancestors 'none'; frame-src render.githubusercontent.com viewscreen.githubusercontent.com; img-src 'self' data: github.githubassets.com identicons.github.com collector.githubapp.com github-cloud.s3.amazonaws.com secured-user-images.githubusercontent.com/ *.githubusercontent.com; manifest-src 'self'; media-src github.com user-images.githubusercontent.com/; script-src github.githubassets.com; style-src 'unsafe-inline' github.githubassets.com; worker-src github.com/assets-cdn/worker/ gist.github.com/assets-cdn/worker/","x-github-request-id":"E51D:BC64:737A7:784E8:6171917D"}
[debug] [2021-10-21T16:12:49.902Z] >>> [apiv2][query] GET https://api.github.com/user [none]
[debug] [2021-10-21T16:12:52.940Z] <<< [apiv2][status] GET https://api.github.com/user 200
[debug] [2021-10-21T16:12:52.941Z] <<< [apiv2][body] GET https://api.github.com/user {"login":"prettypanda0720-ww","id":59716106,"node_id":"MDQ6VXNlcjU5NzE2MTA2","avatar_url":"https://avatars.githubusercontent.com/u/59716106?v=4","gravatar_id":"","url":"https://api.github.com/users/prettypanda0720-ww","html_url":"https://github.com/prettypanda0720-ww","followers_url":"https://api.github.com/users/prettypanda0720-ww/followers","following_url":"https://api.github.com/users/prettypanda0720-ww/following{/other_user}","gists_url":"https://api.github.com/users/prettypanda0720-ww/gists{/gist_id}","starred_url":"https://api.github.com/users/prettypanda0720-ww/starred{/owner}{/repo}","subscriptions_url":"https://api.github.com/users/prettypanda0720-ww/subscriptions","organizations_url":"https://api.github.com/users/prettypanda0720-ww/orgs","repos_url":"https://api.github.com/users/prettypanda0720-ww/repos","events_url":"https://api.github.com/users/prettypanda0720-ww/events{/privacy}","received_events_url":"https://api.github.com/users/prettypanda0720-ww/received_events","type":"User","site_admin":false,"name":"This is my Skype => live:.cid.455f0db6991b874f","company":null,"blog":"","location":null,"email":null,"hireable":null,"bio":null,"twitter_username":null,"public_repos":19,"public_gists":0,"followers":1,"following":0,"created_at":"2020-01-10T01:54:58Z","updated_at":"2021-10-18T06:10:58Z","private_gists":0,"total_private_repos":8,"owned_private_repos":8,"disk_usage":705154,"collaborators":0,"two_factor_authentication":false,"plan":{"name":"free","space":976562499,"collaborators":0,"private_repos":10000}}
[info] 
[info] ✔  Success! Logged into GitHub as prettypanda0720-ww 
[info] 
[debug] [2021-10-21T16:13:03.985Z] >>> [apiv2][query] GET https://api.github.com/repos/no/actions/secrets/public-key type=owner
[debug] [2021-10-21T16:13:07.231Z] <<< [apiv2][status] GET https://api.github.com/repos/no/actions/secrets/public-key 404
[debug] [2021-10-21T16:13:07.232Z] <<< [apiv2][body] GET https://api.github.com/repos/no/actions/secrets/public-key {"message":"Not Found","documentation_url":"https://docs.github.com/rest"}
